п»ї
Running 4 tests using 1 worker

  О“ВЈГґ  1 [chromium] О“Г‡в•‘ ui-tests\ui_verification_suite.spec.ts:276:3 О“Г‡в•‘ Module 04: Jobs & Filters UI О“Г‡в•‘ Flow 1: Filter Jobs by Search and Branch (1.8s)
  О“ВЈГґ  2 [chromium] О“Г‡в•‘ ui-tests\ui_verification_suite.spec.ts:291:3 О“Г‡в•‘ Module 04: Jobs & Filters UI О“Г‡в•‘ Flow 2: CTC Filter (1.6s)
node.exe : Status: failed 
- Test failed: Flow 3: 
Application Process with 
ATS Recommendation
At line:1 char:1
+ & "C:\Program 
Files\nodejs/node.exe" 
"C:\Program 
Files\nodejs/node_mo ...
+ ~~~~~~~~~~~~~~~~~~~~~~~~
~~~~~~~~~~~~~~~~~~~~~~~~~~
~~~~~~~~~~~~~~~~~~~
    + CategoryInfo        
      : NotSpecified: (S  
  tatus: failed ... Rec   
 ommendation:String) [    
], RemoteException
    + FullyQualifiedError 
   Id : NativeCommandErr  
  or
 
  О“ВЈГї  3 [chromium] О“Г‡в•‘ ui-tests\ui_verification_suite.spec.ts:297:3 О“Г‡в•‘ Module 04: Jobs & Filters UI О“Г‡в•‘ Flow 3: Application Process with ATS Recommendation (6.6s)
